Using pre-set license
Built from '2020.3/staging' branch; Version is '2020.3.6f1 (338bb68529b2) revision 3378102'; Using compiler version '192528614'; Build Type 'Release'
OS: 'Windows 10 Pro; OS build 19041.985; Version 2004; 64bit' Language: 'ko' Physical Memory: 16304 MB
BatchMode: 1, IsHumanControllingUs: 0, StartBugReporterOnCrash: 0, Is64bit: 1, IsPro: 0

 COMMAND LINE ARGUMENTS:
C:\Program Files\Unity\Hub\Editor\2020.3.6f1\Editor\Unity.exe
-adb2
-batchMode
-noUpm
-name
AssetImportWorker0
-projectPath
C:/Users/dlawl/Documents/GitHub/Indian-Poker
-logFile
Logs/AssetImportWorker0.log
-srvPort
14320
Successfully changed project path to: C:/Users/dlawl/Documents/GitHub/Indian-Poker
C:/Users/dlawl/Documents/GitHub/Indian-Poker
Using Asset Import Pipeline V2.
Refreshing native plugins compatible for Editor in 58.05 ms, found 4 plugins.
Preloading 0 native plugins for Editor in 0.00 ms.
Initialize engine version: 2020.3.6f1 (338bb68529b2)
[Subsystems] Discovering subsystems at path C:/Program Files/Unity/Hub/Editor/2020.3.6f1/Editor/Data/Resources/UnitySubsystems
[Subsystems] Discovering subsystems at path C:/Users/dlawl/Documents/GitHub/Indian-Poker/Assets
GfxDevice: creating device client; threaded=0
Direct3D:
    Version:  Direct3D 11.0 [level 11.1]
    Renderer: NVIDIA GeForce RTX 2070 (ID=0x1f02)
    Vendor:   
    VRAM:     8031 MB
    Driver:   27.21.14.5671
Initialize mono
Mono path[0] = 'C:/Program Files/Unity/Hub/Editor/2020.3.6f1/Editor/Data/Managed'
Mono path[1] = 'C:/Program Files/Unity/Hub/Editor/2020.3.6f1/Editor/Data/MonoBleedingEdge/lib/mono/unityjit'
Mono config path = 'C:/Program Files/Unity/Hub/Editor/2020.3.6f1/Editor/Data/MonoBleedingEdge/etc'
Using monoOptions --debugger-agent=transport=dt_socket,embedding=1,server=y,suspend=n,address=127.0.0.1:56244
Begin MonoManager ReloadAssembly
Registering precompiled unity dll's ...
Register platform support module: C:/Program Files/Unity/Hub/Editor/2020.3.6f1/Editor/Data/PlaybackEngines/WindowsStandaloneSupport/UnityEditor.WindowsStandalone.Extensions.dll
Registered in 0.003763 seconds.
Native extension for WindowsStandalone target not found
Refreshing native plugins compatible for Editor in 53.11 ms, found 4 plugins.
Preloading 0 native plugins for Editor in 0.00 ms.
Mono: successfully reloaded assembly
- Completed reload, in  1.445 seconds
Platform modules already initialized, skipping
Registering precompiled user dll's ...
Registered in 0.027615 seconds.
Begin MonoManager ReloadAssembly
Native extension for WindowsStandalone target not found
Refreshing native plugins compatible for Editor in 95.91 ms, found 4 plugins.
Preloading 0 native plugins for Editor in 0.00 ms.
Mono: successfully reloaded assembly
- Completed reload, in  3.245 seconds
Platform modules already initialized, skipping
========================================================================
Worker process is ready to serve import requests
Launched and connected shader compiler UnityShaderCompiler.exe after 0.10 seconds
Refreshing native plugins compatible for Editor in 1.42 ms, found 4 plugins.
Preloading 0 native plugins for Editor in 0.00 ms.
Unloading 2074 Unused Serialized files (Serialized files now loaded: 0)
System memory in use before: 96.2 MB.
System memory in use after: 96.2 MB.

Unloading 61 unused Assets to reduce memory usage. Loaded Objects now: 2493.
Total: 5.248900 ms (FindLiveObjects: 0.335900 ms CreateObjectMapping: 0.164700 ms MarkObjects: 4.138600 ms  DeleteObjects: 0.607200 ms)

========================================================================
Received Import Request.
  path: Assets/Script/GameManager.cs
  artifactKey: Guid(93bff4f621a4705468ea4cf5801400de) Importer(815301076,1909f56bfc062723c751e8b465ee728b)
Start importing Assets/Script/GameManager.cs using Guid(93bff4f621a4705468ea4cf5801400de) Importer(815301076,1909f56bfc062723c751e8b465ee728b)  -> (artifact id: '16112b7e9ece3076e2feaed2500cd5a1') in 0.384837 seconds
  Import took 0.388975 seconds .

========================================================================
Received Prepare
Registering precompiled user dll's ...
Registered in 0.027983 seconds.
Begin MonoManager ReloadAssembly
Native extension for WindowsStandalone target not found
Refreshing native plugins compatible for Editor in 0.54 ms, found 4 plugins.
Preloading 0 native plugins for Editor in 0.00 ms.
Mono: successfully reloaded assembly
- Completed reload, in  0.887 seconds
Platform modules already initialized, skipping
Refreshing native plugins compatible for Editor in 0.53 ms, found 4 plugins.
Preloading 0 native plugins for Editor in 0.00 ms.
Unloading 2068 Unused Serialized files (Serialized files now loaded: 0)
System memory in use before: 96.1 MB.
System memory in use after: 96.0 MB.

Unloading 48 unused Assets to reduce memory usage. Loaded Objects now: 2498.
Total: 1.805200 ms (FindLiveObjects: 0.177300 ms CreateObjectMapping: 0.063600 ms MarkObjects: 1.475200 ms  DeleteObjects: 0.088400 ms)

========================================================================
Received Import Request.
  Time since last request: 1980.353338 seconds.
  path: Assets/Script/GameManager.cs
  artifactKey: Guid(93bff4f621a4705468ea4cf5801400de) Importer(815301076,1909f56bfc062723c751e8b465ee728b)
Start importing Assets/Script/GameManager.cs using Guid(93bff4f621a4705468ea4cf5801400de) Importer(815301076,1909f56bfc062723c751e8b465ee728b)  -> (artifact id: '12445aeb464f158e6296da6d0aa60efc') in 0.007939 seconds
  Import took 0.010654 seconds .

========================================================================
Received Prepare
Registering precompiled user dll's ...
Registered in 0.020178 seconds.
Begin MonoManager ReloadAssembly
Native extension for WindowsStandalone target not found
Refreshing native plugins compatible for Editor in 0.53 ms, found 4 plugins.
Preloading 0 native plugins for Editor in 0.00 ms.
Mono: successfully reloaded assembly
- Completed reload, in  0.861 seconds
Platform modules already initialized, skipping
Refreshing native plugins compatible for Editor in 0.57 ms, found 4 plugins.
Preloading 0 native plugins for Editor in 0.00 ms.
Unloading 2068 Unused Serialized files (Serialized files now loaded: 0)
System memory in use before: 96.1 MB.
System memory in use after: 96.1 MB.

Unloading 48 unused Assets to reduce memory usage. Loaded Objects now: 2503.
Total: 1.822500 ms (FindLiveObjects: 0.205100 ms CreateObjectMapping: 0.083800 ms MarkObjects: 1.442300 ms  DeleteObjects: 0.090300 ms)

========================================================================
Received Import Request.
  Time since last request: 3128.801507 seconds.
  path: Assets/Photon/PhotonLibs
  artifactKey: Guid(ee1734b1a7bac244bb5f15ecd778b5f2) Importer(815301076,1909f56bfc062723c751e8b465ee728b)
Start importing Assets/Photon/PhotonLibs using Guid(ee1734b1a7bac244bb5f15ecd778b5f2) Importer(815301076,1909f56bfc062723c751e8b465ee728b)  -> (artifact id: '15cd84d9d3355d17039d0a0313f85540') in 0.011003 seconds
  Import took 0.014428 seconds .

========================================================================
Received Prepare
Registering precompiled user dll's ...
Registered in 0.023523 seconds.
Begin MonoManager ReloadAssembly
Native extension for WindowsStandalone target not found
Refreshing native plugins compatible for Editor in 0.56 ms, found 4 plugins.
Preloading 0 native plugins for Editor in 0.00 ms.
Mono: successfully reloaded assembly
- Completed reload, in  0.882 seconds
Platform modules already initialized, skipping
Refreshing native plugins compatible for Editor in 0.57 ms, found 4 plugins.
Preloading 0 native plugins for Editor in 0.00 ms.
Unloading 2068 Unused Serialized files (Serialized files now loaded: 0)
System memory in use before: 96.1 MB.
System memory in use after: 96.1 MB.

Unloading 48 unused Assets to reduce memory usage. Loaded Objects now: 2508.
Total: 2.117000 ms (FindLiveObjects: 0.165900 ms CreateObjectMapping: 0.068200 ms MarkObjects: 1.785000 ms  DeleteObjects: 0.097200 ms)

========================================================================
Received Prepare
Registering precompiled user dll's ...
Registered in 0.022799 seconds.
Begin MonoManager ReloadAssembly
Native extension for WindowsStandalone target not found
Refreshing native plugins compatible for Editor in 0.66 ms, found 4 plugins.
Preloading 0 native plugins for Editor in 0.00 ms.
Mono: successfully reloaded assembly
- Completed reload, in  0.958 seconds
Platform modules already initialized, skipping
Refreshing native plugins compatible for Editor in 0.54 ms, found 4 plugins.
Preloading 0 native plugins for Editor in 0.00 ms.
Unloading 2068 Unused Serialized files (Serialized files now loaded: 0)
System memory in use before: 96.2 MB.
System memory in use after: 96.1 MB.

Unloading 48 unused Assets to reduce memory usage. Loaded Objects now: 2513.
Total: 2.367100 ms (FindLiveObjects: 0.390100 ms CreateObjectMapping: 0.150100 ms MarkObjects: 1.733900 ms  DeleteObjects: 0.091900 ms)

========================================================================
Received Prepare
Registering precompiled user dll's ...
Registered in 0.023154 seconds.
Begin MonoManager ReloadAssembly
Native extension for WindowsStandalone target not found
Refreshing native plugins compatible for Editor in 0.56 ms, found 4 plugins.
Preloading 0 native plugins for Editor in 0.00 ms.
Mono: successfully reloaded assembly
- Completed reload, in  0.900 seconds
Platform modules already initialized, skipping
Refreshing native plugins compatible for Editor in 0.61 ms, found 4 plugins.
Preloading 0 native plugins for Editor in 0.00 ms.
Unloading 2068 Unused Serialized files (Serialized files now loaded: 0)
System memory in use before: 96.2 MB.
System memory in use after: 96.1 MB.

Unloading 48 unused Assets to reduce memory usage. Loaded Objects now: 2518.
Total: 2.248900 ms (FindLiveObjects: 0.183800 ms CreateObjectMapping: 0.071500 ms MarkObjects: 1.887300 ms  DeleteObjects: 0.105200 ms)

========================================================================
Received Prepare
Registering precompiled user dll's ...
Registered in 0.020003 seconds.
Begin MonoManager ReloadAssembly
Native extension for WindowsStandalone target not found
Refreshing native plugins compatible for Editor in 0.57 ms, found 4 plugins.
Preloading 0 native plugins for Editor in 0.00 ms.
Mono: successfully reloaded assembly
- Completed reload, in  0.842 seconds
Platform modules already initialized, skipping
Refreshing native plugins compatible for Editor in 0.54 ms, found 4 plugins.
Preloading 0 native plugins for Editor in 0.00 ms.
Unloading 2068 Unused Serialized files (Serialized files now loaded: 0)
System memory in use before: 96.2 MB.
System memory in use after: 96.2 MB.

Unloading 48 unused Assets to reduce memory usage. Loaded Objects now: 2523.
Total: 2.039000 ms (FindLiveObjects: 0.259300 ms CreateObjectMapping: 0.092100 ms MarkObjects: 1.590300 ms  DeleteObjects: 0.096100 ms)

========================================================================
Received Prepare
Registering precompiled user dll's ...
Registered in 0.019904 seconds.
Begin MonoManager ReloadAssembly
Native extension for WindowsStandalone target not found
Refreshing native plugins compatible for Editor in 0.54 ms, found 4 plugins.
Preloading 0 native plugins for Editor in 0.00 ms.
Mono: successfully reloaded assembly
- Completed reload, in  0.873 seconds
Platform modules already initialized, skipping
Refreshing native plugins compatible for Editor in 0.54 ms, found 4 plugins.
Preloading 0 native plugins for Editor in 0.00 ms.
Unloading 2068 Unused Serialized files (Serialized files now loaded: 0)
System memory in use before: 96.2 MB.
System memory in use after: 96.2 MB.

Unloading 48 unused Assets to reduce memory usage. Loaded Objects now: 2528.
Total: 2.176400 ms (FindLiveObjects: 0.197200 ms CreateObjectMapping: 0.071600 ms MarkObjects: 1.808100 ms  DeleteObjects: 0.098500 ms)

========================================================================
Received Import Request.
  Time since last request: 643.684566 seconds.
  path: Assets/Scenes/Lobby.unity
  artifactKey: Guid(b6a87d1d49717194f880af8e842cb982) Importer(815301076,1909f56bfc062723c751e8b465ee728b)
Start importing Assets/Scenes/Lobby.unity using Guid(b6a87d1d49717194f880af8e842cb982) Importer(815301076,1909f56bfc062723c751e8b465ee728b)  -> (artifact id: '49732b1e88c400b48987c8ac9cb5a682') in 0.018173 seconds
  Import took 0.021733 seconds .

========================================================================
Received Import Request.
  Time since last request: 3.265549 seconds.
  path: Assets/Scenes/option.unity
  artifactKey: Guid(702fb98da099f0447812f4060edecc36) Importer(815301076,1909f56bfc062723c751e8b465ee728b)
Start importing Assets/Scenes/option.unity using Guid(702fb98da099f0447812f4060edecc36) Importer(815301076,1909f56bfc062723c751e8b465ee728b)  -> (artifact id: '56dc887f95863f906e5033b566b575b9') in 0.019454 seconds
  Import took 0.022192 seconds .

========================================================================
Received Import Request.
  Time since last request: 0.744700 seconds.
  path: Assets/Scenes/SignUp.unity
  artifactKey: Guid(a8fb8a5191a41df44ad6e2f70c12bed1) Importer(815301076,1909f56bfc062723c751e8b465ee728b)
Start importing Assets/Scenes/SignUp.unity using Guid(a8fb8a5191a41df44ad6e2f70c12bed1) Importer(815301076,1909f56bfc062723c751e8b465ee728b)  -> (artifact id: '625fc2be673b64bef68272e6d2694862') in 0.018604 seconds
  Import took 0.021351 seconds .

========================================================================
Received Import Request.
  Time since last request: 0.532096 seconds.
  path: Assets/Scenes/rank.unity
  artifactKey: Guid(192bde5c5972d4547a44c3fcdde8426b) Importer(815301076,1909f56bfc062723c751e8b465ee728b)
Start importing Assets/Scenes/rank.unity using Guid(192bde5c5972d4547a44c3fcdde8426b) Importer(815301076,1909f56bfc062723c751e8b465ee728b)  -> (artifact id: '260751b10ed83d5c2d58a0cc169de366') in 0.006628 seconds
  Import took 0.009783 seconds .

========================================================================
Received Prepare
Registering precompiled user dll's ...
Registered in 0.020107 seconds.
Begin MonoManager ReloadAssembly
Native extension for WindowsStandalone target not found
Refreshing native plugins compatible for Editor in 0.54 ms, found 4 plugins.
Preloading 0 native plugins for Editor in 0.00 ms.
Mono: successfully reloaded assembly
- Completed reload, in  0.858 seconds
Platform modules already initialized, skipping
Refreshing native plugins compatible for Editor in 0.55 ms, found 4 plugins.
Preloading 0 native plugins for Editor in 0.00 ms.
Unloading 2068 Unused Serialized files (Serialized files now loaded: 0)
System memory in use before: 96.2 MB.
System memory in use after: 96.2 MB.

Unloading 48 unused Assets to reduce memory usage. Loaded Objects now: 2533.
Total: 2.062900 ms (FindLiveObjects: 0.213400 ms CreateObjectMapping: 0.078500 ms MarkObjects: 1.673500 ms  DeleteObjects: 0.096600 ms)

========================================================================
Received Prepare
Registering precompiled user dll's ...
Registered in 0.020069 seconds.
Begin MonoManager ReloadAssembly
Native extension for WindowsStandalone target not found
Refreshing native plugins compatible for Editor in 0.58 ms, found 4 plugins.
Preloading 0 native plugins for Editor in 0.00 ms.
Mono: successfully reloaded assembly
- Completed reload, in  0.861 seconds
Platform modules already initialized, skipping
Refreshing native plugins compatible for Editor in 0.63 ms, found 4 plugins.
Preloading 0 native plugins for Editor in 0.00 ms.
Unloading 2068 Unused Serialized files (Serialized files now loaded: 0)
System memory in use before: 96.2 MB.
System memory in use after: 96.2 MB.

Unloading 48 unused Assets to reduce memory usage. Loaded Objects now: 2538.
Total: 2.299300 ms (FindLiveObjects: 0.241100 ms CreateObjectMapping: 0.088500 ms MarkObjects: 1.838900 ms  DeleteObjects: 0.129700 ms)

========================================================================
Received Import Request.
  Time since last request: 275.226075 seconds.
  path: Assets/Scenes
  artifactKey: Guid(c9b7b990af729e8408b4dddf5330f649) Importer(815301076,1909f56bfc062723c751e8b465ee728b)
Start importing Assets/Scenes using Guid(c9b7b990af729e8408b4dddf5330f649) Importer(815301076,1909f56bfc062723c751e8b465ee728b)  -> (artifact id: '2466ad5fe40e351df5719885d0f3d958') in 0.009526 seconds
  Import took 0.012920 seconds .

AssetImportWorkerClient::OnTransportError - code=2 error=End of file
