Using pre-set license
Built from '2020.3/staging' branch; Version is '2020.3.6f1 (338bb68529b2) revision 3378102'; Using compiler version '192528614'; Build Type 'Release'
OS: 'Windows 10 Pro; OS build 19042.985; Version 2009; 64bit' Language: 'ko' Physical Memory: 7995 MB
BatchMode: 1, IsHumanControllingUs: 0, StartBugReporterOnCrash: 0, Is64bit: 1, IsPro: 0

 COMMAND LINE ARGUMENTS:
C:\Program Files\Unity\Hub\Editor\2020.3.6f1\Editor\Unity.exe
-adb2
-batchMode
-noUpm
-name
AssetImportWorker0
-projectPath
C:/Users/kyung/Documents/GitHub/Indian-Poker
-logFile
Logs/AssetImportWorker0.log
-srvPort
63549
Successfully changed project path to: C:/Users/kyung/Documents/GitHub/Indian-Poker
C:/Users/kyung/Documents/GitHub/Indian-Poker
Using Asset Import Pipeline V2.
Refreshing native plugins compatible for Editor in 71.49 ms, found 4 plugins.
Preloading 0 native plugins for Editor in 0.00 ms.
Initialize engine version: 2020.3.6f1 (338bb68529b2)
[Subsystems] Discovering subsystems at path C:/Program Files/Unity/Hub/Editor/2020.3.6f1/Editor/Data/Resources/UnitySubsystems
[Subsystems] Discovering subsystems at path C:/Users/kyung/Documents/GitHub/Indian-Poker/Assets
GfxDevice: creating device client; threaded=0
Direct3D:
    Version:  Direct3D 11.0 [level 11.1]
    Renderer: NVIDIA GeForce GTX 1650 (ID=0x1f91)
    Vendor:   
    VRAM:     3962 MB
    Driver:   27.21.14.6230
Initialize mono
Mono path[0] = 'C:/Program Files/Unity/Hub/Editor/2020.3.6f1/Editor/Data/Managed'
Mono path[1] = 'C:/Program Files/Unity/Hub/Editor/2020.3.6f1/Editor/Data/MonoBleedingEdge/lib/mono/unityjit'
Mono config path = 'C:/Program Files/Unity/Hub/Editor/2020.3.6f1/Editor/Data/MonoBleedingEdge/etc'
Using monoOptions --debugger-agent=transport=dt_socket,embedding=1,server=y,suspend=n,address=127.0.0.1:56716
Begin MonoManager ReloadAssembly
Registering precompiled unity dll's ...
Register platform support module: C:/Program Files/Unity/Hub/Editor/2020.3.6f1/Editor/Data/PlaybackEngines/WindowsStandaloneSupport/UnityEditor.WindowsStandalone.Extensions.dll
Registered in 0.004569 seconds.
Native extension for WindowsStandalone target not found
Refreshing native plugins compatible for Editor in 52.15 ms, found 4 plugins.
Preloading 0 native plugins for Editor in 0.00 ms.
Mono: successfully reloaded assembly
- Completed reload, in  1.683 seconds
Platform modules already initialized, skipping
Registering precompiled user dll's ...
Registered in 0.040479 seconds.
Begin MonoManager ReloadAssembly
Native extension for WindowsStandalone target not found
Refreshing native plugins compatible for Editor in 50.94 ms, found 4 plugins.
Preloading 0 native plugins for Editor in 0.00 ms.
Mono: successfully reloaded assembly
- Completed reload, in  1.386 seconds
Platform modules already initialized, skipping
========================================================================
Worker process is ready to serve import requests
Launched and connected shader compiler UnityShaderCompiler.exe after 0.08 seconds
Refreshing native plugins compatible for Editor in 1.12 ms, found 4 plugins.
Preloading 0 native plugins for Editor in 0.00 ms.
Unloading 2089 Unused Serialized files (Serialized files now loaded: 0)
System memory in use before: 96.7 MB.
System memory in use after: 96.6 MB.

Unloading 61 unused Assets to reduce memory usage. Loaded Objects now: 2509.
Total: 2.972200 ms (FindLiveObjects: 0.428700 ms CreateObjectMapping: 0.205500 ms MarkObjects: 2.183200 ms  DeleteObjects: 0.153000 ms)

========================================================================
Received Import Request.
  path: Assets/P2CardNumber.cs
  artifactKey: Guid(3f631e1d4f5da9e4cbb3541659b7dd6a) Importer(815301076,1909f56bfc062723c751e8b465ee728b)
Start importing Assets/P2CardNumber.cs using Guid(3f631e1d4f5da9e4cbb3541659b7dd6a) Importer(815301076,1909f56bfc062723c751e8b465ee728b)  -> (artifact id: '2cb578377db44b2b031be113484aa06f') in 0.097958 seconds
  Import took 0.103556 seconds .

========================================================================
Received Import Request.
  Time since last request: 0.001553 seconds.
  path: Assets/P1CardNumber.cs
  artifactKey: Guid(5a77b6d2fde0b32488516465b5732a88) Importer(815301076,1909f56bfc062723c751e8b465ee728b)
Start importing Assets/P1CardNumber.cs using Guid(5a77b6d2fde0b32488516465b5732a88) Importer(815301076,1909f56bfc062723c751e8b465ee728b)  -> (artifact id: '090af76744eaff7f02f4ecb5daa7db7a') in 0.007959 seconds
  Import took 0.014659 seconds .

========================================================================
Received Import Request.
  Time since last request: 0.000630 seconds.
  path: Assets/Player1Button.cs
  artifactKey: Guid(437a7465a6ec8c84695ea77086231ccb) Importer(815301076,1909f56bfc062723c751e8b465ee728b)
Start importing Assets/Player1Button.cs using Guid(437a7465a6ec8c84695ea77086231ccb) Importer(815301076,1909f56bfc062723c751e8b465ee728b)  -> (artifact id: 'cc5c56651bfa968ad03a932d798d54c5') in 0.008859 seconds
  Import took 0.015543 seconds .

========================================================================
Received Import Request.
  Time since last request: 0.000631 seconds.
  path: Assets/ButtonRank.cs
  artifactKey: Guid(ae785deaf4df53b4686296678b73791a) Importer(815301076,1909f56bfc062723c751e8b465ee728b)
Start importing Assets/ButtonRank.cs using Guid(ae785deaf4df53b4686296678b73791a) Importer(815301076,1909f56bfc062723c751e8b465ee728b)  -> (artifact id: 'ac93461f4bef6707d9949f17d09c71b2') in 0.009281 seconds
  Import took 0.017812 seconds .

========================================================================
Received Import Request.
  Time since last request: 30.119611 seconds.
  path: Assets/ButtonQuit.cs
  artifactKey: Guid(80a36c6c631fa6045a27c91e01224994) Importer(815301076,1909f56bfc062723c751e8b465ee728b)
Start importing Assets/ButtonQuit.cs using Guid(80a36c6c631fa6045a27c91e01224994) Importer(815301076,1909f56bfc062723c751e8b465ee728b)  -> (artifact id: '73b772ba5c351c36e537a639a0410796') in 0.012974 seconds
  Import took 0.022566 seconds .

========================================================================
Received Import Request.
  Time since last request: 0.004747 seconds.
  path: Assets/ButtonQuit.cs
  artifactKey: Guid(80a36c6c631fa6045a27c91e01224994) Importer(815301076,1909f56bfc062723c751e8b465ee728b)
Start importing Assets/ButtonQuit.cs using Guid(80a36c6c631fa6045a27c91e01224994) Importer(815301076,1909f56bfc062723c751e8b465ee728b)  -> (artifact id: '73b772ba5c351c36e537a639a0410796') in 0.012769 seconds
  Import took 0.022524 seconds .

========================================================================
Received Import Request.
  Time since last request: 2.044322 seconds.
  path: Assets/Scenes
  artifactKey: Guid(c9b7b990af729e8408b4dddf5330f649) Importer(815301076,1909f56bfc062723c751e8b465ee728b)
Start importing Assets/Scenes using Guid(c9b7b990af729e8408b4dddf5330f649) Importer(815301076,1909f56bfc062723c751e8b465ee728b)  -> (artifact id: 'cf2007241dadb7c1022037fe7eeca0ca') in 0.006344 seconds
  Import took 0.011806 seconds .

========================================================================
Received Import Request.
  Time since last request: 0.560215 seconds.
  path: Assets/Player1Coin.cs
  artifactKey: Guid(dae776670c4eacb4295d77a731c2e3e6) Importer(815301076,1909f56bfc062723c751e8b465ee728b)
Start importing Assets/Player1Coin.cs using Guid(dae776670c4eacb4295d77a731c2e3e6) Importer(815301076,1909f56bfc062723c751e8b465ee728b)  -> (artifact id: '9a5dd95aece9c97c63f8feeac3885ec3') in 0.004326 seconds
  Import took 0.008165 seconds .

========================================================================
Received Import Request.
  Time since last request: 0.001061 seconds.
  path: Assets/Player1Coin.cs
  artifactKey: Guid(dae776670c4eacb4295d77a731c2e3e6) Importer(815301076,1909f56bfc062723c751e8b465ee728b)
Start importing Assets/Player1Coin.cs using Guid(dae776670c4eacb4295d77a731c2e3e6) Importer(815301076,1909f56bfc062723c751e8b465ee728b)  -> (artifact id: '9a5dd95aece9c97c63f8feeac3885ec3') in 0.004416 seconds
  Import took 0.008480 seconds .

========================================================================
Received Import Request.
  Time since last request: 0.485835 seconds.
  path: Assets/Player1Name.cs
  artifactKey: Guid(b0a6a346a820b17418caa7507979f462) Importer(815301076,1909f56bfc062723c751e8b465ee728b)
Start importing Assets/Player1Name.cs using Guid(b0a6a346a820b17418caa7507979f462) Importer(815301076,1909f56bfc062723c751e8b465ee728b)  -> (artifact id: '583e5a3eb8baf5ade9896c1d12dcf922') in 0.005699 seconds
  Import took 0.010608 seconds .

========================================================================
Received Import Request.
  Time since last request: 0.341107 seconds.
  path: Assets/Player2Coin.cs
  artifactKey: Guid(4077d845b95d8064eaaa0dc62fc6a7ae) Importer(815301076,1909f56bfc062723c751e8b465ee728b)
Start importing Assets/Player2Coin.cs using Guid(4077d845b95d8064eaaa0dc62fc6a7ae) Importer(815301076,1909f56bfc062723c751e8b465ee728b)  -> (artifact id: '1b7b3e98809ca420974568fde169c44a') in 0.005408 seconds
  Import took 0.009884 seconds .

========================================================================
Received Import Request.
  Time since last request: 0.463868 seconds.
  path: Assets/Player2Name.cs
  artifactKey: Guid(be8c37b33a8d68f4c9a6489b2d7d47ac) Importer(815301076,1909f56bfc062723c751e8b465ee728b)
Start importing Assets/Player2Name.cs using Guid(be8c37b33a8d68f4c9a6489b2d7d47ac) Importer(815301076,1909f56bfc062723c751e8b465ee728b)  -> (artifact id: '09eaea00572fc3d2f33b6a7c09fa3513') in 0.013431 seconds
  Import took 0.023840 seconds .

========================================================================
Received Import Request.
  Time since last request: 0.001600 seconds.
  path: Assets/Player2Name.cs
  artifactKey: Guid(be8c37b33a8d68f4c9a6489b2d7d47ac) Importer(815301076,1909f56bfc062723c751e8b465ee728b)
Start importing Assets/Player2Name.cs using Guid(be8c37b33a8d68f4c9a6489b2d7d47ac) Importer(815301076,1909f56bfc062723c751e8b465ee728b)  -> (artifact id: '09eaea00572fc3d2f33b6a7c09fa3513') in 0.007470 seconds
  Import took 0.013494 seconds .

========================================================================
Received Import Request.
  Time since last request: 0.310464 seconds.
  path: Assets/Result.cs
  artifactKey: Guid(789597c5d7f4ca84aa1bc431f95c4689) Importer(815301076,1909f56bfc062723c751e8b465ee728b)
Start importing Assets/Result.cs using Guid(789597c5d7f4ca84aa1bc431f95c4689) Importer(815301076,1909f56bfc062723c751e8b465ee728b)  -> (artifact id: '627cc6a3567c8e970c02b0522aba5801') in 0.007413 seconds
  Import took 0.013665 seconds .

========================================================================
Received Import Request.
  Time since last request: 0.808618 seconds.
  path: Assets/Player2Button.cs
  artifactKey: Guid(7731569fd3043e94dbaef5fb59bf4710) Importer(815301076,1909f56bfc062723c751e8b465ee728b)
Start importing Assets/Player2Button.cs using Guid(7731569fd3043e94dbaef5fb59bf4710) Importer(815301076,1909f56bfc062723c751e8b465ee728b)  -> (artifact id: '2772b8f03fe59565c4feb45617d5fad1') in 0.006221 seconds
  Import took 0.011311 seconds .

========================================================================
Received Import Request.
  Time since last request: 3.429000 seconds.
  path: Assets/ButtonOption.cs
  artifactKey: Guid(be0b082d4dcbb724dbd7eef8565bab0c) Importer(815301076,1909f56bfc062723c751e8b465ee728b)
Start importing Assets/ButtonOption.cs using Guid(be0b082d4dcbb724dbd7eef8565bab0c) Importer(815301076,1909f56bfc062723c751e8b465ee728b)  -> (artifact id: 'df1efa72abfe6b747d05637e0c45fa23') in 0.006051 seconds
  Import took 0.010732 seconds .

========================================================================
Received Import Request.
  Time since last request: 0.001409 seconds.
  path: Assets/ButtonOption.cs
  artifactKey: Guid(be0b082d4dcbb724dbd7eef8565bab0c) Importer(815301076,1909f56bfc062723c751e8b465ee728b)
Start importing Assets/ButtonOption.cs using Guid(be0b082d4dcbb724dbd7eef8565bab0c) Importer(815301076,1909f56bfc062723c751e8b465ee728b)  -> (artifact id: 'df1efa72abfe6b747d05637e0c45fa23') in 0.004105 seconds
  Import took 0.008628 seconds .

========================================================================
Received Prepare
Registering precompiled user dll's ...
Registered in 0.039150 seconds.
Begin MonoManager ReloadAssembly
Native extension for WindowsStandalone target not found
Refreshing native plugins compatible for Editor in 0.69 ms, found 4 plugins.
Preloading 0 native plugins for Editor in 0.00 ms.
Mono: successfully reloaded assembly
- Completed reload, in  1.453 seconds
Platform modules already initialized, skipping
Refreshing native plugins compatible for Editor in 0.70 ms, found 4 plugins.
Preloading 0 native plugins for Editor in 0.00 ms.
Unloading 2083 Unused Serialized files (Serialized files now loaded: 0)
System memory in use before: 96.5 MB.
System memory in use after: 96.5 MB.

Unloading 48 unused Assets to reduce memory usage. Loaded Objects now: 2514.
Total: 2.802800 ms (FindLiveObjects: 0.348900 ms CreateObjectMapping: 0.146100 ms MarkObjects: 2.179500 ms  DeleteObjects: 0.127000 ms)

========================================================================
Received Import Request.
  Time since last request: 692.736996 seconds.
  path: Assets/BettingCoin.cs
  artifactKey: Guid(4ad0de80a841707498caff009ef96f6d) Importer(815301076,1909f56bfc062723c751e8b465ee728b)
Start importing Assets/BettingCoin.cs using Guid(4ad0de80a841707498caff009ef96f6d) Importer(815301076,1909f56bfc062723c751e8b465ee728b)  -> (artifact id: '5d97a2c704e213f3921324157ca992e2') in 0.021527 seconds
  Import took 0.032670 seconds .

========================================================================
Received Prepare
Registering precompiled user dll's ...
Registered in 0.043558 seconds.
Begin MonoManager ReloadAssembly
Native extension for WindowsStandalone target not found
Refreshing native plugins compatible for Editor in 0.69 ms, found 4 plugins.
Preloading 0 native plugins for Editor in 0.00 ms.
Mono: successfully reloaded assembly
- Completed reload, in  1.340 seconds
Platform modules already initialized, skipping
Refreshing native plugins compatible for Editor in 0.82 ms, found 4 plugins.
Preloading 0 native plugins for Editor in 0.00 ms.
Unloading 2083 Unused Serialized files (Serialized files now loaded: 0)
System memory in use before: 96.6 MB.
System memory in use after: 96.5 MB.

Unloading 48 unused Assets to reduce memory usage. Loaded Objects now: 2519.
Total: 2.645900 ms (FindLiveObjects: 0.309500 ms CreateObjectMapping: 0.122400 ms MarkObjects: 2.089200 ms  DeleteObjects: 0.123300 ms)

========================================================================
Received Import Request.
  Time since last request: 292.206670 seconds.
  path: Assets/Player2Button.cs
  artifactKey: Guid(7731569fd3043e94dbaef5fb59bf4710) Importer(815301076,1909f56bfc062723c751e8b465ee728b)
Start importing Assets/Player2Button.cs using Guid(7731569fd3043e94dbaef5fb59bf4710) Importer(815301076,1909f56bfc062723c751e8b465ee728b)  -> (artifact id: '78dc61079874d1249149daeab7587ce1') in 0.007241 seconds
  Import took 0.011055 seconds .

========================================================================
Received Prepare
Registering precompiled user dll's ...
Registered in 0.030149 seconds.
Begin MonoManager ReloadAssembly
Native extension for WindowsStandalone target not found
Refreshing native plugins compatible for Editor in 0.69 ms, found 4 plugins.
Preloading 0 native plugins for Editor in 0.00 ms.
Mono: successfully reloaded assembly
- Completed reload, in  1.237 seconds
Platform modules already initialized, skipping
Refreshing native plugins compatible for Editor in 0.79 ms, found 4 plugins.
Preloading 0 native plugins for Editor in 0.00 ms.
Unloading 2083 Unused Serialized files (Serialized files now loaded: 0)
System memory in use before: 96.6 MB.
System memory in use after: 96.6 MB.

Unloading 48 unused Assets to reduce memory usage. Loaded Objects now: 2524.
Total: 2.821300 ms (FindLiveObjects: 0.225400 ms CreateObjectMapping: 0.078100 ms MarkObjects: 2.387200 ms  DeleteObjects: 0.128800 ms)

========================================================================
Received Prepare
Registering precompiled user dll's ...
Registered in 0.044862 seconds.
Begin MonoManager ReloadAssembly
Native extension for WindowsStandalone target not found
Refreshing native plugins compatible for Editor in 0.88 ms, found 4 plugins.
Preloading 0 native plugins for Editor in 0.00 ms.
Mono: successfully reloaded assembly
- Completed reload, in  1.818 seconds
Platform modules already initialized, skipping
Refreshing native plugins compatible for Editor in 0.86 ms, found 4 plugins.
Preloading 0 native plugins for Editor in 0.00 ms.
Unloading 2083 Unused Serialized files (Serialized files now loaded: 0)
System memory in use before: 96.6 MB.
System memory in use after: 96.6 MB.

Unloading 48 unused Assets to reduce memory usage. Loaded Objects now: 2529.
Total: 3.233900 ms (FindLiveObjects: 0.271100 ms CreateObjectMapping: 0.120500 ms MarkObjects: 2.682000 ms  DeleteObjects: 0.157900 ms)

========================================================================
Received Prepare
Registering precompiled user dll's ...
Registered in 0.035891 seconds.
Begin MonoManager ReloadAssembly
Native extension for WindowsStandalone target not found
Refreshing native plugins compatible for Editor in 0.74 ms, found 4 plugins.
Preloading 0 native plugins for Editor in 0.00 ms.
Mono: successfully reloaded assembly
- Completed reload, in  1.297 seconds
Platform modules already initialized, skipping
Refreshing native plugins compatible for Editor in 0.68 ms, found 4 plugins.
Preloading 0 native plugins for Editor in 0.00 ms.
Unloading 2083 Unused Serialized files (Serialized files now loaded: 0)
System memory in use before: 96.6 MB.
System memory in use after: 96.6 MB.

Unloading 48 unused Assets to reduce memory usage. Loaded Objects now: 2534.
Total: 2.990800 ms (FindLiveObjects: 0.353700 ms CreateObjectMapping: 0.174000 ms MarkObjects: 2.336100 ms  DeleteObjects: 0.125000 ms)

========================================================================
Received Prepare
Refreshing native plugins compatible for Editor in 21.99 ms, found 4 plugins.
Preloading 0 native plugins for Editor in 0.00 ms.
Unloading 46 Unused Serialized files (Serialized files now loaded: 0)
System memory in use before: 56.4 MB.
System memory in use after: 56.4 MB.

Unloading 46 unused Assets to reduce memory usage. Loaded Objects now: 2534.
Total: 3.223100 ms (FindLiveObjects: 0.293100 ms CreateObjectMapping: 0.125600 ms MarkObjects: 2.654200 ms  DeleteObjects: 0.148800 ms)

========================================================================
Received Prepare
Registering precompiled user dll's ...
Registered in 0.061496 seconds.
Begin MonoManager ReloadAssembly
Native extension for WindowsStandalone target not found
Refreshing native plugins compatible for Editor in 1.03 ms, found 4 plugins.
Preloading 0 native plugins for Editor in 0.00 ms.
Mono: successfully reloaded assembly
- Completed reload, in  2.453 seconds
Platform modules already initialized, skipping
Refreshing native plugins compatible for Editor in 1.16 ms, found 4 plugins.
Preloading 0 native plugins for Editor in 0.00 ms.
Unloading 2083 Unused Serialized files (Serialized files now loaded: 0)
System memory in use before: 96.6 MB.
System memory in use after: 96.6 MB.

Unloading 48 unused Assets to reduce memory usage. Loaded Objects now: 2539.
Total: 4.087600 ms (FindLiveObjects: 0.370500 ms CreateObjectMapping: 0.151800 ms MarkObjects: 3.310400 ms  DeleteObjects: 0.252300 ms)

========================================================================
Received Prepare
Registering precompiled user dll's ...
Registered in 0.038355 seconds.
Begin MonoManager ReloadAssembly
Native extension for WindowsStandalone target not found
Refreshing native plugins compatible for Editor in 0.71 ms, found 4 plugins.
Preloading 0 native plugins for Editor in 0.00 ms.
Mono: successfully reloaded assembly
- Completed reload, in  1.277 seconds
Platform modules already initialized, skipping
Refreshing native plugins compatible for Editor in 0.69 ms, found 4 plugins.
Preloading 0 native plugins for Editor in 0.00 ms.
Unloading 2083 Unused Serialized files (Serialized files now loaded: 0)
System memory in use before: 96.6 MB.
System memory in use after: 96.6 MB.

Unloading 48 unused Assets to reduce memory usage. Loaded Objects now: 2544.
Total: 2.981800 ms (FindLiveObjects: 0.319200 ms CreateObjectMapping: 0.132700 ms MarkObjects: 2.395100 ms  DeleteObjects: 0.133200 ms)

========================================================================
Received Prepare
Refreshing native plugins compatible for Editor in 19.06 ms, found 4 plugins.
Preloading 0 native plugins for Editor in 0.00 ms.
Unloading 46 Unused Serialized files (Serialized files now loaded: 0)
System memory in use before: 56.4 MB.
System memory in use after: 56.4 MB.

Unloading 46 unused Assets to reduce memory usage. Loaded Objects now: 2544.
Total: 2.860700 ms (FindLiveObjects: 0.430200 ms CreateObjectMapping: 0.093700 ms MarkObjects: 2.195100 ms  DeleteObjects: 0.139700 ms)

